  FT.cpp
c:\users\hao\source\repos\fbp\fbp\ft.cpp(10): error C2143: 语法错误: 缺少“;”(在“<”的前面)
c:\users\hao\source\repos\fbp\fbp\ft.cpp(10): error C4430: 缺少类型说明符 - 假定为 int。注意: C++ 不支持默认 int
c:\users\hao\source\repos\fbp\fbp\ft.cpp(10): error C2143: 语法错误: 缺少“;”(在“{”的前面)
c:\users\hao\source\repos\fbp\fbp\ft.cpp(10): error C2447: “{”: 缺少函数标题(是否是老式的形式表?)
c:\users\hao\source\repos\fbp\fbp\ft.cpp(15): error C2065: “vector”: 未声明的标识符
c:\users\hao\source\repos\fbp\fbp\ft.cpp(15): error C2062: 意外的类型“double”
c:\users\hao\source\repos\fbp\fbp\ft.cpp(16): error C2143: 语法错误: 缺少“;”(在“{”的前面)
c:\users\hao\source\repos\fbp\fbp\ft.cpp(16): error C2447: “{”: 缺少函数标题(是否是老式的形式表?)
c:\users\hao\source\repos\fbp\fbp\ft.cpp(31): error C2065: “vector”: 未声明的标识符
c:\users\hao\source\repos\fbp\fbp\ft.cpp(31): error C2062: 意外的类型“double”
c:\users\hao\source\repos\fbp\fbp\ft.cpp(32): error C2143: 语法错误: 缺少“;”(在“{”的前面)
c:\users\hao\source\repos\fbp\fbp\ft.cpp(32): error C2447: “{”: 缺少函数标题(是否是老式的形式表?)
c:\users\hao\source\repos\fbp\fbp\ft.cpp(69): error C2065: “vector”: 未声明的标识符
c:\users\hao\source\repos\fbp\fbp\ft.cpp(69): error C2062: 意外的类型“double”
c:\users\hao\source\repos\fbp\fbp\ft.cpp(69): error C2143: 语法错误: 缺少“;”(在“{”的前面)
c:\users\hao\source\repos\fbp\fbp\ft.cpp(69): error C2447: “{”: 缺少函数标题(是否是老式的形式表?)
c:\users\hao\source\repos\fbp\fbp\ft.cpp(79): error C2065: “vector”: 未声明的标识符
c:\users\hao\source\repos\fbp\fbp\ft.cpp(79): error C2062: 意外的类型“double”
c:\users\hao\source\repos\fbp\fbp\ft.cpp(79): error C2143: 语法错误: 缺少“;”(在“{”的前面)
c:\users\hao\source\repos\fbp\fbp\ft.cpp(79): error C2447: “{”: 缺少函数标题(是否是老式的形式表?)
